<?xml version="1.0" encoding="UTF-8"?>
<testsuite xmlns:xsi="http://www.w3.org/2001/XMLSchema-instance" xsi:noNamespaceSchemaLocation="https://maven.apache.org/surefire/maven-surefire-plugin/xsd/surefire-test-report-3.0.xsd" version="3.0" name="io.maven.unittestcases.RunnerTest" time="0.051" tests="1" errors="0" skipped="0" failures="0">
  <properties>
[...]
</properties>
  <testcase name="sumReturnsCorrectResult" classname="io.maven.unittestcases.RunnerTest" time="0.006">
    <system-out><![CDATA[
Running setUp...
Running sumReturnsCorrectResult...

Running tearDown...
]]></system-out>
  </testcase>
</testsuite>